<?xml version="1.0" encoding="UTF-8"?>
<!-- Generated by org.testng.reporters.JUnitXMLReporter -->
<testsuite ignored="0" hostname="PROBOOK" failures="0" tests="9" name="Default test" time="13.733" errors="0" timestamp="2024-08-27T19:39:09 EET">
  <testcase classname="MySwagTest" name="log_in" time="0.261"/>
  <testcase classname="MySwagTest" name="theProductIsFound" time="0.028"/>
  <testcase classname="MySwagTest" name="theSortItem" time="0.09"/>
  <testcase classname="MySwagTest" name="TheAcutalTheLowestPrice" time="0.059"/>
  <testcase classname="MySwagTest" name="TheAcutalTheHighestPrice" time="0.013"/>
  <testcase classname="MySwagTest" name="theNameAtoZ" time="3.082"/>
  <testcase classname="MySwagTest" name="theNameZtoA" time="3.114"/>
  <testcase classname="MySwagTest" name="thepricelowtohigh" time="3.137"/>
  <testcase classname="MySwagTest" name="thepricehightolow" time="3.12"/>
</testsuite> <!-- Default test -->
