<?xml version="1.0" encoding="UTF-8"?>
<!-- Generated by org.testng.reporters.JUnitXMLReporter -->
<testsuite ignored="0" hostname="PROBOOK" failures="0" tests="9" name="Default test" time="13.793" errors="0" timestamp="2024-08-27T19:34:48 EET">
  <testcase classname="MySwagTest" name="log_in" time="0.281"/>
  <testcase classname="MySwagTest" name="theProductIsFound" time="0.039"/>
  <testcase classname="MySwagTest" name="theSortItem" time="0.088"/>
  <testcase classname="MySwagTest" name="TheAcutalTheLowestPrice" time="0.055"/>
  <testcase classname="MySwagTest" name="TheAcutalTheHighestPrice" time="0.014"/>
  <testcase classname="MySwagTest" name="theNameAtoZ" time="3.068"/>
  <testcase classname="MySwagTest" name="theNameZtoA" time="3.158"/>
  <testcase classname="MySwagTest" name="thepricelowtohigh" time="3.109"/>
  <testcase classname="MySwagTest" name="thepricehightolow" time="3.136"/>
</testsuite> <!-- Default test -->
