<?xml version="1.0" encoding="UTF-8"?>
<testng-results ignored="0" total="9" passed="9" failed="0" skipped="0">
  <reporter-output>
  </reporter-output>
  <suite started-at="2024-08-27T19:38:55 EET" name="Default suite" finished-at="2024-08-27T19:39:09 EET" duration-ms="13733">
    <groups>
    </groups>
    <test started-at="2024-08-27T19:38:55 EET" name="Default test" finished-at="2024-08-27T19:39:09 EET" duration-ms="13733">
      <class name="MySwagTest">
        <test-method is-config="true" signature="Setup()[pri:0, instance:MySwagTest@613a8ee1]" started-at="2024-08-27T19:38:55 EET" name="Setup" finished-at="2024-08-27T19:38:56 EET" duration-ms="771" status="PASS">
          <reporter-output>
          </reporter-output>
        </test-method> <!-- Setup -->
        <test-method signature="log_in()[pri:1, instance:MySwagTest@613a8ee1]" started-at="2024-08-27T19:38:56 EET" name="log_in" finished-at="2024-08-27T19:38:57 EET" duration-ms="261" status="PASS">
          <reporter-output>
          </reporter-output>
        </test-method> <!-- log_in -->
        <test-method signature="theProductIsFound()[pri:2, instance:MySwagTest@613a8ee1]" started-at="2024-08-27T19:38:57 EET" name="theProductIsFound" finished-at="2024-08-27T19:38:57 EET" duration-ms="28" status="PASS">
          <reporter-output>
          </reporter-output>
        </test-method> <!-- theProductIsFound -->
        <test-method signature="theSortItem()[pri:3, instance:MySwagTest@613a8ee1]" started-at="2024-08-27T19:38:57 EET" name="theSortItem" finished-at="2024-08-27T19:38:57 EET" duration-ms="90" status="PASS">
          <reporter-output>
          </reporter-output>
        </test-method> <!-- theSortItem -->
        <test-method signature="TheAcutalTheLowestPrice()[pri:4, instance:MySwagTest@613a8ee1]" started-at="2024-08-27T19:38:57 EET" name="TheAcutalTheLowestPrice" finished-at="2024-08-27T19:38:57 EET" duration-ms="59" status="PASS">
          <reporter-output>
          </reporter-output>
        </test-method> <!-- TheAcutalTheLowestPrice -->
        <test-method signature="TheAcutalTheHighestPrice()[pri:5, instance:MySwagTest@613a8ee1]" started-at="2024-08-27T19:38:57 EET" name="TheAcutalTheHighestPrice" finished-at="2024-08-27T19:38:57 EET" duration-ms="13" status="PASS">
          <reporter-output>
          </reporter-output>
        </test-method> <!-- TheAcutalTheHighestPrice -->
        <test-method signature="theNameAtoZ()[pri:6, instance:MySwagTest@613a8ee1]" started-at="2024-08-27T19:38:57 EET" name="theNameAtoZ" finished-at="2024-08-27T19:39:00 EET" duration-ms="3082" status="PASS">
          <reporter-output>
          </reporter-output>
        </test-method> <!-- theNameAtoZ -->
        <test-method signature="theNameZtoA()[pri:7, instance:MySwagTest@613a8ee1]" started-at="2024-08-27T19:39:00 EET" name="theNameZtoA" finished-at="2024-08-27T19:39:03 EET" duration-ms="3114" status="PASS">
          <reporter-output>
          </reporter-output>
        </test-method> <!-- theNameZtoA -->
        <test-method signature="thepricelowtohigh()[pri:8, instance:MySwagTest@613a8ee1]" started-at="2024-08-27T19:39:03 EET" name="thepricelowtohigh" finished-at="2024-08-27T19:39:06 EET" duration-ms="3137" status="PASS">
          <reporter-output>
          </reporter-output>
        </test-method> <!-- thepricelowtohigh -->
        <test-method signature="thepricehightolow()[pri:9, instance:MySwagTest@613a8ee1]" started-at="2024-08-27T19:39:06 EET" name="thepricehightolow" finished-at="2024-08-27T19:39:09 EET" duration-ms="3120" status="PASS">
          <reporter-output>
          </reporter-output>
        </test-method> <!-- thepricehightolow -->
      </class> <!-- MySwagTest -->
    </test> <!-- Default test -->
  </suite> <!-- Default suite -->
</testng-results>
