<?xml version="1.0" encoding="UTF-8"?>
<testng-results ignored="0" total="9" passed="9" failed="0" skipped="0">
  <reporter-output>
  </reporter-output>
  <suite started-at="2024-08-28T20:40:53 EET" name="Default suite" finished-at="2024-08-28T20:41:08 EET" duration-ms="14635">
    <groups>
    </groups>
    <test started-at="2024-08-28T20:40:53 EET" name="Default test" finished-at="2024-08-28T20:41:08 EET" duration-ms="14635">
      <class name="MySwagTest">
        <test-method is-config="true" signature="Setup()[pri:0, instance:MySwagTest@41dd05a]" started-at="2024-08-28T20:40:53 EET" name="Setup" finished-at="2024-08-28T20:40:54 EET" duration-ms="891" status="PASS">
          <reporter-output>
          </reporter-output>
        </test-method> <!-- Setup -->
        <test-method signature="log_in()[pri:1, instance:MySwagTest@41dd05a]" started-at="2024-08-28T20:40:54 EET" name="log_in" finished-at="2024-08-28T20:40:55 EET" duration-ms="503" status="PASS">
          <reporter-output>
          </reporter-output>
        </test-method> <!-- log_in -->
        <test-method signature="theProductIsFound()[pri:2, instance:MySwagTest@41dd05a]" started-at="2024-08-28T20:40:55 EET" name="theProductIsFound" finished-at="2024-08-28T20:40:55 EET" duration-ms="46" status="PASS">
          <reporter-output>
          </reporter-output>
        </test-method> <!-- theProductIsFound -->
        <test-method signature="theSortItem()[pri:3, instance:MySwagTest@41dd05a]" started-at="2024-08-28T20:40:55 EET" name="theSortItem" finished-at="2024-08-28T20:40:55 EET" duration-ms="147" status="PASS">
          <reporter-output>
          </reporter-output>
        </test-method> <!-- theSortItem -->
        <test-method signature="TheAcutalTheLowestPrice()[pri:4, instance:MySwagTest@41dd05a]" started-at="2024-08-28T20:40:55 EET" name="TheAcutalTheLowestPrice" finished-at="2024-08-28T20:40:55 EET" duration-ms="64" status="PASS">
          <reporter-output>
          </reporter-output>
        </test-method> <!-- TheAcutalTheLowestPrice -->
        <test-method signature="TheAcutalTheHighestPrice()[pri:5, instance:MySwagTest@41dd05a]" started-at="2024-08-28T20:40:55 EET" name="TheAcutalTheHighestPrice" finished-at="2024-08-28T20:40:55 EET" duration-ms="33" status="PASS">
          <reporter-output>
          </reporter-output>
        </test-method> <!-- TheAcutalTheHighestPrice -->
        <test-method signature="theNameAtoZ()[pri:6, instance:MySwagTest@41dd05a]" started-at="2024-08-28T20:40:55 EET" name="theNameAtoZ" finished-at="2024-08-28T20:40:58 EET" duration-ms="3175" status="PASS">
          <reporter-output>
          </reporter-output>
        </test-method> <!-- theNameAtoZ -->
        <test-method signature="theNameZtoA()[pri:7, instance:MySwagTest@41dd05a]" started-at="2024-08-28T20:40:58 EET" name="theNameZtoA" finished-at="2024-08-28T20:41:01 EET" duration-ms="3184" status="PASS">
          <reporter-output>
          </reporter-output>
        </test-method> <!-- theNameZtoA -->
        <test-method signature="thepricelowtohigh()[pri:8, instance:MySwagTest@41dd05a]" started-at="2024-08-28T20:41:01 EET" name="thepricelowtohigh" finished-at="2024-08-28T20:41:05 EET" duration-ms="3311" status="PASS">
          <reporter-output>
          </reporter-output>
        </test-method> <!-- thepricelowtohigh -->
        <test-method signature="thepricehightolow()[pri:9, instance:MySwagTest@41dd05a]" started-at="2024-08-28T20:41:05 EET" name="thepricehightolow" finished-at="2024-08-28T20:41:08 EET" duration-ms="3200" status="PASS">
          <reporter-output>
          </reporter-output>
        </test-method> <!-- thepricehightolow -->
      </class> <!-- MySwagTest -->
    </test> <!-- Default test -->
  </suite> <!-- Default suite -->
</testng-results>
